<?xml version="1.0" encoding="UTF-8"?>
<testsuite name="platzi.java.DemoApplicationTests" tests="1" skipped="0" failures="0" errors="0" timestamp="2016-01-03T20:08:46" hostname="mac-v8.local" time="0.003">
  <properties/>
  <testcase name="contextLoads" classname="platzi.java.DemoApplicationTests" time="0.003"/>
  <system-out><![CDATA[14:08:39.392 [Test worker] DEBUG o.s.t.c.j.SpringJUnit4ClassRunner - SpringJUnit4ClassRunner constructor called with [class platzi.java.DemoApplicationTests].
14:08:39.406 [Test worker] DEBUG o.s.test.context.BootstrapUtils - Instantiating TestContextBootstrapper from class [org.springframework.test.context.web.WebTestContextBootstrapper]
14:08:39.423 [Test worker] DEBUG o.s.t.c.w.WebTestContextBootstrapper - Found explicit ContextLoader class [org.springframework.boot.test.SpringApplicationContextLoader] for context configuration attributes [ContextConfigurationAttributes@36e98381 declaringClass = 'platzi.java.DemoApplicationTests', classes = '{class platzi.app.DemoApplication}', locations = '{}', inheritLocations = true, initializers = '{}', inheritInitializers = true, name = [null], contextLoaderClass = 'org.springframework.boot.test.SpringApplicationContextLoader']
14:08:39.429 [Test worker] DEBUG o.s.t.c.support.ActiveProfilesUtils - Could not find an 'annotation declaring class' for annotation type [org.springframework.test.context.ActiveProfiles] and class [platzi.java.DemoApplicationTests]
14:08:39.437 [Test worker] DEBUG o.s.t.c.w.WebTestContextBootstrapper - @TestExecutionListeners is not present for class [platzi.java.DemoApplicationTests]: using defaults.
14:08:39.447 [Test worker] INFO  o.s.t.c.w.WebTestContextBootstrapper - Loaded default TestExecutionListener class names from location [META-INF/spring.factories]: [org.springframework.test.context.web.ServletTestExecutionListener, org.springframework.test.context.support.DependencyInjectionTestExecutionListener, org.springframework.test.context.support.DirtiesContextTestExecutionListener, org.springframework.test.context.transaction.TransactionalTestExecutionListener, org.springframework.test.context.jdbc.SqlScriptsTestExecutionListener]
14:08:39.475 [Test worker] INFO  o.s.t.c.w.WebTestContextBootstrapper - Using TestExecutionListeners: [org.springframework.test.context.web.ServletTestExecutionListener@6870bc27, org.springframework.test.context.support.DependencyInjectionTestExecutionListener@714f1a35, org.springframework.test.context.support.DirtiesContextTestExecutionListener@23d6311b, org.springframework.test.context.transaction.TransactionalTestExecutionListener@1b3f3148, org.springframework.test.context.jdbc.SqlScriptsTestExecutionListener@76c3278c]
14:08:39.478 [Test worker] DEBUG o.s.t.annotation.ProfileValueUtils - Retrieved @ProfileValueSourceConfiguration [null] for test class [platzi.java.DemoApplicationTests]
14:08:39.479 [Test worker] DEBUG o.s.t.annotation.ProfileValueUtils - Retrieved ProfileValueSource type [class org.springframework.test.annotation.SystemProfileValueSource] for class [platzi.java.DemoApplicationTests]
14:08:39.480 [Test worker] DEBUG o.s.t.annotation.ProfileValueUtils - Retrieved @ProfileValueSourceConfiguration [null] for test class [platzi.java.DemoApplicationTests]
14:08:39.480 [Test worker] DEBUG o.s.t.annotation.ProfileValueUtils - Retrieved ProfileValueSource type [class org.springframework.test.annotation.SystemProfileValueSource] for class [platzi.java.DemoApplicationTests]
14:08:39.482 [Test worker] DEBUG o.s.t.annotation.ProfileValueUtils - Retrieved @ProfileValueSourceConfiguration [null] for test class [platzi.java.DemoApplicationTests]
14:08:39.482 [Test worker] DEBUG o.s.t.annotation.ProfileValueUtils - Retrieved ProfileValueSource type [class org.springframework.test.annotation.SystemProfileValueSource] for class [platzi.java.DemoApplicationTests]
14:08:39.574 [Test worker] DEBUG o.s.core.env.StandardEnvironment - Adding [systemProperties] PropertySource with lowest search precedence
14:08:39.576 [Test worker] DEBUG o.s.core.env.StandardEnvironment - Adding [systemEnvironment] PropertySource with lowest search precedence
14:08:39.576 [Test worker] DEBUG o.s.core.env.StandardEnvironment - Initialized StandardEnvironment with PropertySources [systemProperties,systemEnvironment]
14:08:39.578 [Test worker] DEBUG o.s.core.env.StandardEnvironment - Adding [integrationTest] PropertySource with search precedence immediately lower than [systemEnvironment]

  .   ____          _            __ _ _
 /\\ / ___'_ __ _ _(_)_ __  __ _ \ \ \ \
( ( )\___ | '_ | '_| | '_ \/ _` | \ \ \ \
 \\/  ___)| |_)| | | | | || (_| |  ) ) ) )
  '  |____| .__|_| |_|_| |_\__, | / / / /
 =========|_|==============|___/=/_/_/_/
 :: Spring Boot ::        (v1.2.6.RELEASE)

2016-01-03 14:08:39.788  INFO 8103 --- [    Test worker] platzi.java.DemoApplicationTests         : Starting DemoApplicationTests on mac-v8.local with PID 8103 (/Users/emartinez/Documents/JAVA/workspace/demo/build/classes/test started by emartinez in /Users/emartinez/Documents/JAVA/workspace/demo)
2016-01-03 14:08:39.857  INFO 8103 --- [    Test worker] o.s.w.c.s.GenericWebApplicationContext   : Refreshing org.springframework.web.context.support.GenericWebApplicationContext@170b7c38: startup date [Sun Jan 03 14:08:39 CST 2016]; root of context hierarchy
2016-01-03 14:08:40.785  INFO 8103 --- [    Test worker] o.s.b.f.s.DefaultListableBeanFactory     : Overriding bean definition for bean 'beanNameViewResolver': replacing [Root bean: class [null]; scope=; abstract=false; lazyInit=false; autowireMode=3; dependencyCheck=0; autowireCandidate=true; primary=false; factoryBeanName=org.springframework.boot.autoconfigure.web.ErrorMvcAutoConfiguration$WhitelabelErrorViewConfiguration; factoryMethodName=beanNameViewResolver; initMethodName=null; destroyMethodName=(inferred); defined in class path resource [org/springframework/boot/autoconfigure/web/ErrorMvcAutoConfiguration$WhitelabelErrorViewConfiguration.class]] with [Root bean: class [null]; scope=; abstract=false; lazyInit=false; autowireMode=3; dependencyCheck=0; autowireCandidate=true; primary=false; factoryBeanName=org.springframework.boot.autoconfigure.web.WebMvcAutoConfiguration$WebMvcAutoConfigurationAdapter; factoryMethodName=beanNameViewResolver; initMethodName=null; destroyMethodName=(inferred); defined in class path resource [org/springframework/boot/autoconfigure/web/WebMvcAutoConfiguration$WebMvcAutoConfigurationAdapter.class]]
2016-01-03 14:08:41.107  INFO 8103 --- [    Test worker] o.s.b.f.s.DefaultListableBeanFactory     : Overriding bean definition for bean 'entityLinksPluginRegistry': replacing [Root bean: class [org.springframework.plugin.core.support.PluginRegistryFactoryBean]; scope=; abstract=false; lazyInit=false; autowireMode=0; dependencyCheck=0; autowireCandidate=true; primary=false; factoryBeanName=null; factoryMethodName=null; initMethodName=null; destroyMethodName=null] with [Root bean: class [org.springframework.plugin.core.support.PluginRegistryFactoryBean]; scope=; abstract=false; lazyInit=false; autowireMode=0; dependencyCheck=0; autowireCandidate=true; primary=false; factoryBeanName=null; factoryMethodName=null; initMethodName=null; destroyMethodName=null]
2016-01-03 14:08:41.108  INFO 8103 --- [    Test worker] o.s.b.f.s.DefaultListableBeanFactory     : Overriding bean definition for bean 'controllerEntityLinks': replacing [Root bean: class [org.springframework.hateoas.core.ControllerEntityLinksFactoryBean]; scope=; abstract=false; lazyInit=false; autowireMode=0; dependencyCheck=0; autowireCandidate=true; primary=false; factoryBeanName=null; factoryMethodName=null; initMethodName=null; destroyMethodName=null] with [Root bean: class [org.springframework.hateoas.core.ControllerEntityLinksFactoryBean]; scope=; abstract=false; lazyInit=false; autowireMode=0; dependencyCheck=0; autowireCandidate=true; primary=false; factoryBeanName=null; factoryMethodName=null; initMethodName=null; destroyMethodName=null]
2016-01-03 14:08:41.108  INFO 8103 --- [    Test worker] o.s.b.f.s.DefaultListableBeanFactory     : Overriding bean definition for bean 'jaxRsEntityLinks': replacing [Root bean: class [org.springframework.hateoas.core.ControllerEntityLinksFactoryBean]; scope=; abstract=false; lazyInit=false; autowireMode=0; dependencyCheck=0; autowireCandidate=true; primary=false; factoryBeanName=null; factoryMethodName=null; initMethodName=null; destroyMethodName=null] with [Root bean: class [org.springframework.hateoas.core.ControllerEntityLinksFactoryBean]; scope=; abstract=false; lazyInit=false; autowireMode=0; dependencyCheck=0; autowireCandidate=true; primary=false; factoryBeanName=null; factoryMethodName=null; initMethodName=null; destroyMethodName=null]
2016-01-03 14:08:41.109  INFO 8103 --- [    Test worker] o.s.b.f.s.DefaultListableBeanFactory     : Overriding bean definition for bean 'delegatingEntityLinks': replacing [Root bean: class [org.springframework.hateoas.core.DelegatingEntityLinks]; scope=; abstract=false; lazyInit=false; autowireMode=0; dependencyCheck=0; autowireCandidate=true; primary=true; factoryBeanName=null; factoryMethodName=null; initMethodName=null; destroyMethodName=null] with [Root bean: class [org.springframework.hateoas.core.DelegatingEntityLinks]; scope=; abstract=false; lazyInit=false; autowireMode=0; dependencyCheck=0; autowireCandidate=true; primary=true; factoryBeanName=null; factoryMethodName=null; initMethodName=null; destroyMethodName=null]
2016-01-03 14:08:41.557  INFO 8103 --- [    Test worker] f.a.AutowiredAnnotationBeanPostProcessor : JSR-330 'javax.inject.Inject' annotation found and supported for autowiring
2016-01-03 14:08:41.836  INFO 8103 --- [    Test worker] trationDelegate$BeanPostProcessorChecker : Bean 'org.springframework.scheduling.annotation.ProxyAsyncConfiguration' of type [class org.springframework.scheduling.annotation.ProxyAsyncConfiguration$$EnhancerBySpringCGLIB$$5045f4dc] is not eligible for getting processed by all BeanPostProcessors (for example: not eligible for auto-proxying)
2016-01-03 14:08:42.005  INFO 8103 --- [    Test worker] trationDelegate$BeanPostProcessorChecker : Bean 'org.springframework.transaction.annotation.ProxyTransactionManagementConfiguration' of type [class org.springframework.transaction.annotation.ProxyTransactionManagementConfiguration$$EnhancerBySpringCGLIB$$39217c9b] is not eligible for getting processed by all BeanPostProcessors (for example: not eligible for auto-proxying)
2016-01-03 14:08:42.018  INFO 8103 --- [    Test worker] trationDelegate$BeanPostProcessorChecker : Bean 'transactionAttributeSource' of type [class org.springframework.transaction.annotation.AnnotationTransactionAttributeSource] is not eligible for getting processed by all BeanPostProcessors (for example: not eligible for auto-proxying)
2016-01-03 14:08:42.025  INFO 8103 --- [    Test worker] trationDelegate$BeanPostProcessorChecker : Bean 'transactionInterceptor' of type [class org.springframework.transaction.interceptor.TransactionInterceptor] is not eligible for getting processed by all BeanPostProcessors (for example: not eligible for auto-proxying)
2016-01-03 14:08:42.037  INFO 8103 --- [    Test worker] trationDelegate$BeanPostProcessorChecker : Bean 'org.springframework.transaction.config.internalTransactionAdvisor' of type [class org.springframework.transaction.interceptor.BeanFactoryTransactionAttributeSourceAdvisor] is not eligible for getting processed by all BeanPostProcessors (for example: not eligible for auto-proxying)
2016-01-03 14:08:42.710  INFO 8103 --- [    Test worker] j.LocalContainerEntityManagerFactoryBean : Building JPA container EntityManagerFactory for persistence unit 'default'
2016-01-03 14:08:42.742  INFO 8103 --- [    Test worker] o.hibernate.jpa.internal.util.LogHelper  : HHH000204: Processing PersistenceUnitInfo [
	name: default
	...]
2016-01-03 14:08:42.846  INFO 8103 --- [    Test worker] org.hibernate.Version                    : HHH000412: Hibernate Core {4.3.11.Final}
2016-01-03 14:08:42.849  INFO 8103 --- [    Test worker] org.hibernate.cfg.Environment            : HHH000206: hibernate.properties not found
2016-01-03 14:08:42.851  INFO 8103 --- [    Test worker] org.hibernate.cfg.Environment            : HHH000021: Bytecode provider name : javassist
2016-01-03 14:08:43.141  INFO 8103 --- [    Test worker] o.hibernate.annotations.common.Version   : HCANN000001: Hibernate Commons Annotations {4.0.5.Final}
2016-01-03 14:08:43.251  INFO 8103 --- [    Test worker] org.hibernate.dialect.Dialect            : HHH000400: Using dialect: org.hibernate.dialect.H2Dialect
2016-01-03 14:08:43.435  INFO 8103 --- [    Test worker] o.h.h.i.ast.ASTQueryTranslatorFactory    : HHH000397: Using ASTQueryTranslatorFactory
2016-01-03 14:08:43.841  INFO 8103 --- [    Test worker] org.hibernate.tool.hbm2ddl.SchemaExport  : HHH000227: Running hbm2ddl schema export
2016-01-03 14:08:43.875  INFO 8103 --- [    Test worker] org.hibernate.tool.hbm2ddl.SchemaExport  : HHH000230: Schema export complete
2016-01-03 14:08:45.781  INFO 8103 --- [    Test worker] s.w.s.m.m.a.RequestMappingHandlerAdapter : Looking for @ControllerAdvice: org.springframework.web.context.support.GenericWebApplicationContext@170b7c38: startup date [Sun Jan 03 14:08:39 CST 2016]; root of context hierarchy
2016-01-03 14:08:45.867  INFO 8103 --- [    Test worker] s.w.s.m.m.a.RequestMappingHandlerMapping : Mapped "{[/instructors],methods=[POST]}" onto org.springframework.http.ResponseEntity<?> platzi.rest.PlatziCoursesRestController.addUser(platzi.app.Instructor)
2016-01-03 14:08:45.868  INFO 8103 --- [    Test worker] s.w.s.m.m.a.RequestMappingHandlerMapping : Mapped "{[/instructors/{userId}/courses],methods=[GET]}" onto java.util.Collection<platzi.app.Course> platzi.rest.PlatziCoursesRestController.readCourses(java.lang.String)
2016-01-03 14:08:45.869  INFO 8103 --- [    Test worker] s.w.s.m.m.a.RequestMappingHandlerMapping : Mapped "{[/instructors]}" onto java.util.List<platzi.app.Instructor> platzi.rest.PlatziCoursesRestController.simpleGet()
2016-01-03 14:08:45.870  INFO 8103 --- [    Test worker] s.w.s.m.m.a.RequestMappingHandlerMapping : Mapped "{[/instructors/{userId}/courses],methods=[POST]}" onto org.springframework.http.ResponseEntity<?> platzi.rest.PlatziCoursesRestController.addCourse(java.lang.String,platzi.app.Course)
2016-01-03 14:08:45.871  INFO 8103 --- [    Test worker] s.w.s.m.m.a.RequestMappingHandlerMapping : Mapped "{[/instructors/{userId}/courses/{courseId}],methods=[GET]}" onto public platzi.app.Course platzi.rest.PlatziCoursesRestController.readCourse(java.lang.String,java.lang.Long)
2016-01-03 14:08:45.875  INFO 8103 --- [    Test worker] s.w.s.m.m.a.RequestMappingHandlerMapping : Mapped "{[/error]}" onto public org.springframework.http.ResponseEntity<java.util.Map<java.lang.String, java.lang.Object>> org.springframework.boot.autoconfigure.web.BasicErrorController.error(javax.servlet.http.HttpServletRequest)
2016-01-03 14:08:45.877  INFO 8103 --- [    Test worker] s.w.s.m.m.a.RequestMappingHandlerMapping : Mapped "{[/error],produces=[text/html]}" onto public org.springframework.web.servlet.ModelAndView org.springframework.boot.autoconfigure.web.BasicErrorController.errorHtml(javax.servlet.http.HttpServletRequest)
2016-01-03 14:08:45.920  INFO 8103 --- [    Test worker] o.s.w.s.handler.SimpleUrlHandlerMapping  : Mapped URL path [/webjars/**] onto handler of type [class org.springframework.web.servlet.resource.ResourceHttpRequestHandler]
2016-01-03 14:08:45.921  INFO 8103 --- [    Test worker] o.s.w.s.handler.SimpleUrlHandlerMapping  : Mapped URL path [/**] onto handler of type [class org.springframework.web.servlet.resource.ResourceHttpRequestHandler]
2016-01-03 14:08:45.971  INFO 8103 --- [    Test worker] o.s.w.s.handler.SimpleUrlHandlerMapping  : Mapped URL path [/**/favicon.ico] onto handler of type [class org.springframework.web.servlet.resource.ResourceHttpRequestHandler]
2016-01-03 14:08:46.239  INFO 8103 --- [    Test worker] platzi.java.DemoApplicationTests         : Started DemoApplicationTests in 6.649 seconds (JVM running for 8.35)
]]></system-out>
  <system-err><![CDATA[]]></system-err>
</testsuite>
