<?xml version="1.0" encoding="UTF-8"?>
<testsuite name="platzi.java.DemoApplicationTests" tests="1" skipped="0" failures="0" errors="0" timestamp="2016-01-11T03:54:12" hostname="mac-v8.local" time="0.005">
  <properties/>
  <testcase name="contextLoads" classname="platzi.java.DemoApplicationTests" time="0.005"/>
  <system-out><![CDATA[21:54:06.682 [Test worker] DEBUG o.s.t.c.j.SpringJUnit4ClassRunner - SpringJUnit4ClassRunner constructor called with [class platzi.java.DemoApplicationTests].
21:54:06.690 [Test worker] DEBUG o.s.test.context.BootstrapUtils - Instantiating TestContextBootstrapper from class [org.springframework.test.context.web.WebTestContextBootstrapper]
21:54:06.708 [Test worker] DEBUG o.s.t.c.w.WebTestContextBootstrapper - Found explicit ContextLoader class [org.springframework.boot.test.SpringApplicationContextLoader] for context configuration attributes [ContextConfigurationAttributes@3dfba9aa declaringClass = 'platzi.java.DemoApplicationTests', classes = '{class platzi.app.DemoApplication}', locations = '{}', inheritLocations = true, initializers = '{}', inheritInitializers = true, name = [null], contextLoaderClass = 'org.springframework.boot.test.SpringApplicationContextLoader']
21:54:06.719 [Test worker] DEBUG o.s.t.c.support.ActiveProfilesUtils - Could not find an 'annotation declaring class' for annotation type [org.springframework.test.context.ActiveProfiles] and class [platzi.java.DemoApplicationTests]
21:54:06.723 [Test worker] DEBUG o.s.t.c.w.WebTestContextBootstrapper - @TestExecutionListeners is not present for class [platzi.java.DemoApplicationTests]: using defaults.
21:54:06.730 [Test worker] INFO  o.s.t.c.w.WebTestContextBootstrapper - Loaded default TestExecutionListener class names from location [META-INF/spring.factories]: [org.springframework.test.context.web.ServletTestExecutionListener, org.springframework.test.context.support.DependencyInjectionTestExecutionListener, org.springframework.test.context.support.DirtiesContextTestExecutionListener, org.springframework.test.context.transaction.TransactionalTestExecutionListener, org.springframework.test.context.jdbc.SqlScriptsTestExecutionListener]
21:54:06.748 [Test worker] INFO  o.s.t.c.w.WebTestContextBootstrapper - Using TestExecutionListeners: [org.springframework.test.context.web.ServletTestExecutionListener@4d4becd2, org.springframework.test.context.support.DependencyInjectionTestExecutionListener@23e78b58, org.springframework.test.context.support.DirtiesContextTestExecutionListener@5dd06c27, org.springframework.test.context.transaction.TransactionalTestExecutionListener@b21c455, org.springframework.test.context.jdbc.SqlScriptsTestExecutionListener@191e949f]
21:54:06.751 [Test worker] DEBUG o.s.t.annotation.ProfileValueUtils - Retrieved @ProfileValueSourceConfiguration [null] for test class [platzi.java.DemoApplicationTests]
21:54:06.751 [Test worker] DEBUG o.s.t.annotation.ProfileValueUtils - Retrieved ProfileValueSource type [class org.springframework.test.annotation.SystemProfileValueSource] for class [platzi.java.DemoApplicationTests]
21:54:06.752 [Test worker] DEBUG o.s.t.annotation.ProfileValueUtils - Retrieved @ProfileValueSourceConfiguration [null] for test class [platzi.java.DemoApplicationTests]
21:54:06.752 [Test worker] DEBUG o.s.t.annotation.ProfileValueUtils - Retrieved ProfileValueSource type [class org.springframework.test.annotation.SystemProfileValueSource] for class [platzi.java.DemoApplicationTests]
21:54:06.754 [Test worker] DEBUG o.s.t.annotation.ProfileValueUtils - Retrieved @ProfileValueSourceConfiguration [null] for test class [platzi.java.DemoApplicationTests]
21:54:06.754 [Test worker] DEBUG o.s.t.annotation.ProfileValueUtils - Retrieved ProfileValueSource type [class org.springframework.test.annotation.SystemProfileValueSource] for class [platzi.java.DemoApplicationTests]
21:54:06.829 [Test worker] DEBUG o.s.core.env.StandardEnvironment - Adding [systemProperties] PropertySource with lowest search precedence
21:54:06.831 [Test worker] DEBUG o.s.core.env.StandardEnvironment - Adding [systemEnvironment] PropertySource with lowest search precedence
21:54:06.832 [Test worker] DEBUG o.s.core.env.StandardEnvironment - Initialized StandardEnvironment with PropertySources [systemProperties,systemEnvironment]
21:54:06.834 [Test worker] DEBUG o.s.core.env.StandardEnvironment - Adding [integrationTest] PropertySource with search precedence immediately lower than [systemEnvironment]

  .   ____          _            __ _ _
 /\\ / ___'_ __ _ _(_)_ __  __ _ \ \ \ \
( ( )\___ | '_ | '_| | '_ \/ _` | \ \ \ \
 \\/  ___)| |_)| | | | | || (_| |  ) ) ) )
  '  |____| .__|_| |_|_| |_\__, | / / / /
 =========|_|==============|___/=/_/_/_/
 :: Spring Boot ::        (v1.2.6.RELEASE)

2016-01-10 21:54:07.043  INFO 2751 --- [    Test worker] platzi.java.DemoApplicationTests         : Starting DemoApplicationTests on mac-v8.local with PID 2751 (/Users/emartinez/Dev/Java/ApiRest/build/classes/test started by emartinez in /Users/emartinez/Dev/Java/ApiRest)
2016-01-10 21:54:07.110  INFO 2751 --- [    Test worker] o.s.w.c.s.GenericWebApplicationContext   : Refreshing org.springframework.web.context.support.GenericWebApplicationContext@2dbaa9b4: startup date [Sun Jan 10 21:54:07 CST 2016]; root of context hierarchy
2016-01-10 21:54:07.922  INFO 2751 --- [    Test worker] o.s.b.f.s.DefaultListableBeanFactory     : Overriding bean definition for bean 'beanNameViewResolver': replacing [Root bean: class [null]; scope=; abstract=false; lazyInit=false; autowireMode=3; dependencyCheck=0; autowireCandidate=true; primary=false; factoryBeanName=org.springframework.boot.autoconfigure.web.ErrorMvcAutoConfiguration$WhitelabelErrorViewConfiguration; factoryMethodName=beanNameViewResolver; initMethodName=null; destroyMethodName=(inferred); defined in class path resource [org/springframework/boot/autoconfigure/web/ErrorMvcAutoConfiguration$WhitelabelErrorViewConfiguration.class]] with [Root bean: class [null]; scope=; abstract=false; lazyInit=false; autowireMode=3; dependencyCheck=0; autowireCandidate=true; primary=false; factoryBeanName=org.springframework.boot.autoconfigure.web.WebMvcAutoConfiguration$WebMvcAutoConfigurationAdapter; factoryMethodName=beanNameViewResolver; initMethodName=null; destroyMethodName=(inferred); defined in class path resource [org/springframework/boot/autoconfigure/web/WebMvcAutoConfiguration$WebMvcAutoConfigurationAdapter.class]]
2016-01-10 21:54:08.200  INFO 2751 --- [    Test worker] o.s.b.f.s.DefaultListableBeanFactory     : Overriding bean definition for bean 'entityLinksPluginRegistry': replacing [Root bean: class [org.springframework.plugin.core.support.PluginRegistryFactoryBean]; scope=; abstract=false; lazyInit=false; autowireMode=0; dependencyCheck=0; autowireCandidate=true; primary=false; factoryBeanName=null; factoryMethodName=null; initMethodName=null; destroyMethodName=null] with [Root bean: class [org.springframework.plugin.core.support.PluginRegistryFactoryBean]; scope=; abstract=false; lazyInit=false; autowireMode=0; dependencyCheck=0; autowireCandidate=true; primary=false; factoryBeanName=null; factoryMethodName=null; initMethodName=null; destroyMethodName=null]
2016-01-10 21:54:08.201  INFO 2751 --- [    Test worker] o.s.b.f.s.DefaultListableBeanFactory     : Overriding bean definition for bean 'controllerEntityLinks': replacing [Root bean: class [org.springframework.hateoas.core.ControllerEntityLinksFactoryBean]; scope=; abstract=false; lazyInit=false; autowireMode=0; dependencyCheck=0; autowireCandidate=true; primary=false; factoryBeanName=null; factoryMethodName=null; initMethodName=null; destroyMethodName=null] with [Root bean: class [org.springframework.hateoas.core.ControllerEntityLinksFactoryBean]; scope=; abstract=false; lazyInit=false; autowireMode=0; dependencyCheck=0; autowireCandidate=true; primary=false; factoryBeanName=null; factoryMethodName=null; initMethodName=null; destroyMethodName=null]
2016-01-10 21:54:08.201  INFO 2751 --- [    Test worker] o.s.b.f.s.DefaultListableBeanFactory     : Overriding bean definition for bean 'jaxRsEntityLinks': replacing [Root bean: class [org.springframework.hateoas.core.ControllerEntityLinksFactoryBean]; scope=; abstract=false; lazyInit=false; autowireMode=0; dependencyCheck=0; autowireCandidate=true; primary=false; factoryBeanName=null; factoryMethodName=null; initMethodName=null; destroyMethodName=null] with [Root bean: class [org.springframework.hateoas.core.ControllerEntityLinksFactoryBean]; scope=; abstract=false; lazyInit=false; autowireMode=0; dependencyCheck=0; autowireCandidate=true; primary=false; factoryBeanName=null; factoryMethodName=null; initMethodName=null; destroyMethodName=null]
2016-01-10 21:54:08.202  INFO 2751 --- [    Test worker] o.s.b.f.s.DefaultListableBeanFactory     : Overriding bean definition for bean 'delegatingEntityLinks': replacing [Root bean: class [org.springframework.hateoas.core.DelegatingEntityLinks]; scope=; abstract=false; lazyInit=false; autowireMode=0; dependencyCheck=0; autowireCandidate=true; primary=true; factoryBeanName=null; factoryMethodName=null; initMethodName=null; destroyMethodName=null] with [Root bean: class [org.springframework.hateoas.core.DelegatingEntityLinks]; scope=; abstract=false; lazyInit=false; autowireMode=0; dependencyCheck=0; autowireCandidate=true; primary=true; factoryBeanName=null; factoryMethodName=null; initMethodName=null; destroyMethodName=null]
2016-01-10 21:54:08.617  INFO 2751 --- [    Test worker] f.a.AutowiredAnnotationBeanPostProcessor : JSR-330 'javax.inject.Inject' annotation found and supported for autowiring
2016-01-10 21:54:08.856  INFO 2751 --- [    Test worker] trationDelegate$BeanPostProcessorChecker : Bean 'org.springframework.scheduling.annotation.ProxyAsyncConfiguration' of type [class org.springframework.scheduling.annotation.ProxyAsyncConfiguration$$EnhancerBySpringCGLIB$$10784189] is not eligible for getting processed by all BeanPostProcessors (for example: not eligible for auto-proxying)
2016-01-10 21:54:09.027  INFO 2751 --- [    Test worker] trationDelegate$BeanPostProcessorChecker : Bean 'org.springframework.transaction.annotation.ProxyTransactionManagementConfiguration' of type [class org.springframework.transaction.annotation.ProxyTransactionManagementConfiguration$$EnhancerBySpringCGLIB$$f953c948] is not eligible for getting processed by all BeanPostProcessors (for example: not eligible for auto-proxying)
2016-01-10 21:54:09.042  INFO 2751 --- [    Test worker] trationDelegate$BeanPostProcessorChecker : Bean 'transactionAttributeSource' of type [class org.springframework.transaction.annotation.AnnotationTransactionAttributeSource] is not eligible for getting processed by all BeanPostProcessors (for example: not eligible for auto-proxying)
2016-01-10 21:54:09.053  INFO 2751 --- [    Test worker] trationDelegate$BeanPostProcessorChecker : Bean 'transactionInterceptor' of type [class org.springframework.transaction.interceptor.TransactionInterceptor] is not eligible for getting processed by all BeanPostProcessors (for example: not eligible for auto-proxying)
2016-01-10 21:54:09.060  INFO 2751 --- [    Test worker] trationDelegate$BeanPostProcessorChecker : Bean 'org.springframework.transaction.config.internalTransactionAdvisor' of type [class org.springframework.transaction.interceptor.BeanFactoryTransactionAttributeSourceAdvisor] is not eligible for getting processed by all BeanPostProcessors (for example: not eligible for auto-proxying)
2016-01-10 21:54:09.696  INFO 2751 --- [    Test worker] j.LocalContainerEntityManagerFactoryBean : Building JPA container EntityManagerFactory for persistence unit 'default'
2016-01-10 21:54:09.723  INFO 2751 --- [    Test worker] o.hibernate.jpa.internal.util.LogHelper  : HHH000204: Processing PersistenceUnitInfo [
	name: default
	...]
2016-01-10 21:54:09.803  INFO 2751 --- [    Test worker] org.hibernate.Version                    : HHH000412: Hibernate Core {4.3.11.Final}
2016-01-10 21:54:09.805  INFO 2751 --- [    Test worker] org.hibernate.cfg.Environment            : HHH000206: hibernate.properties not found
2016-01-10 21:54:09.808  INFO 2751 --- [    Test worker] org.hibernate.cfg.Environment            : HHH000021: Bytecode provider name : javassist
2016-01-10 21:54:10.000  INFO 2751 --- [    Test worker] o.hibernate.annotations.common.Version   : HCANN000001: Hibernate Commons Annotations {4.0.5.Final}
2016-01-10 21:54:10.091  INFO 2751 --- [    Test worker] org.hibernate.dialect.Dialect            : HHH000400: Using dialect: org.hibernate.dialect.H2Dialect
2016-01-10 21:54:10.244  INFO 2751 --- [    Test worker] o.h.h.i.ast.ASTQueryTranslatorFactory    : HHH000397: Using ASTQueryTranslatorFactory
2016-01-10 21:54:10.548  INFO 2751 --- [    Test worker] org.hibernate.tool.hbm2ddl.SchemaExport  : HHH000227: Running hbm2ddl schema export
2016-01-10 21:54:10.574  INFO 2751 --- [    Test worker] org.hibernate.tool.hbm2ddl.SchemaExport  : HHH000230: Schema export complete
2016-01-10 21:54:12.072  INFO 2751 --- [    Test worker] s.w.s.m.m.a.RequestMappingHandlerAdapter : Looking for @ControllerAdvice: org.springframework.web.context.support.GenericWebApplicationContext@2dbaa9b4: startup date [Sun Jan 10 21:54:07 CST 2016]; root of context hierarchy
2016-01-10 21:54:12.156  INFO 2751 --- [    Test worker] s.w.s.m.m.a.RequestMappingHandlerMapping : Mapped "{[/instructors/{userId}/courses/{courseId}],methods=[GET]}" onto public platzi.app.Course platzi.rest.PlatziCoursesRestController.readCourse(java.lang.String,java.lang.Long)
2016-01-10 21:54:12.156  INFO 2751 --- [    Test worker] s.w.s.m.m.a.RequestMappingHandlerMapping : Mapped "{[/instructors],methods=[POST]}" onto org.springframework.http.ResponseEntity<?> platzi.rest.PlatziCoursesRestController.addUser(platzi.app.Instructor)
2016-01-10 21:54:12.157  INFO 2751 --- [    Test worker] s.w.s.m.m.a.RequestMappingHandlerMapping : Mapped "{[/instructors/{userId}/courses],methods=[POST]}" onto org.springframework.http.ResponseEntity<?> platzi.rest.PlatziCoursesRestController.addCourse(java.lang.String,platzi.app.Course)
2016-01-10 21:54:12.157  INFO 2751 --- [    Test worker] s.w.s.m.m.a.RequestMappingHandlerMapping : Mapped "{[/instructors/{userId}],methods=[GET]}" onto platzi.app.Instructor platzi.rest.PlatziCoursesRestController.readInstructor(java.lang.String)
2016-01-10 21:54:12.157  INFO 2751 --- [    Test worker] s.w.s.m.m.a.RequestMappingHandlerMapping : Mapped "{[/instructors/{userId}/courses],methods=[GET]}" onto java.util.Collection<platzi.app.Course> platzi.rest.PlatziCoursesRestController.readCourses(java.lang.String)
2016-01-10 21:54:12.157  INFO 2751 --- [    Test worker] s.w.s.m.m.a.RequestMappingHandlerMapping : Mapped "{[/instructors]}" onto java.util.List<platzi.app.Instructor> platzi.rest.PlatziCoursesRestController.simpleGet()
2016-01-10 21:54:12.159  INFO 2751 --- [    Test worker] s.w.s.m.m.a.RequestMappingHandlerMapping : Mapped "{[/error]}" onto public org.springframework.http.ResponseEntity<java.util.Map<java.lang.String, java.lang.Object>> org.springframework.boot.autoconfigure.web.BasicErrorController.error(javax.servlet.http.HttpServletRequest)
2016-01-10 21:54:12.159  INFO 2751 --- [    Test worker] s.w.s.m.m.a.RequestMappingHandlerMapping : Mapped "{[/error],produces=[text/html]}" onto public org.springframework.web.servlet.ModelAndView org.springframework.boot.autoconfigure.web.BasicErrorController.errorHtml(javax.servlet.http.HttpServletRequest)
2016-01-10 21:54:12.205  INFO 2751 --- [    Test worker] o.s.w.s.handler.SimpleUrlHandlerMapping  : Mapped URL path [/webjars/**] onto handler of type [class org.springframework.web.servlet.resource.ResourceHttpRequestHandler]
2016-01-10 21:54:12.206  INFO 2751 --- [    Test worker] o.s.w.s.handler.SimpleUrlHandlerMapping  : Mapped URL path [/**] onto handler of type [class org.springframework.web.servlet.resource.ResourceHttpRequestHandler]
2016-01-10 21:54:12.260  INFO 2751 --- [    Test worker] o.s.w.s.handler.SimpleUrlHandlerMapping  : Mapped URL path [/**/favicon.ico] onto handler of type [class org.springframework.web.servlet.resource.ResourceHttpRequestHandler]
2016-01-10 21:54:12.520  INFO 2751 --- [    Test worker] platzi.java.DemoApplicationTests         : Started DemoApplicationTests in 5.672 seconds (JVM running for 6.9)
]]></system-out>
  <system-err><![CDATA[]]></system-err>
</testsuite>
