<?xml version="1.0" encoding="UTF-8"?>
<testsuite name="platzi.java.CoursesRestControlerTest" tests="1" skipped="0" failures="0" errors="0" timestamp="2016-01-03T20:08:39" hostname="mac-v8.local" time="0.114">
  <properties/>
  <testcase name="testReadCourse" classname="platzi.java.CoursesRestControlerTest" time="0.114"/>
  <system-out><![CDATA[]]></system-out>
  <system-err><![CDATA[]]></system-err>
</testsuite>
